1223585295	UPDATE admins SET ultacesso_ip='10.10.11.12',ultacesso=NOW() WHERE id=1
1223585295	INSERT INTO logs_admin(login,mensagem,query) VALUES('smart','Login','')
1223586859	INSERT INTO clientes(codigo,tipo,nome,nascimento,rg,cpf,sexo,razao_social,nome_fantasia,cnpj,inscr_municipal,inscr_estadual,grupo_id,endereco,numero,complemento_tipo,bloco,complemento,bairro,cep,cidade,uf,tel_residencial,tel_comercial,fax,tel_celular1,tel_celular2,site,email1,email2,email3,observacoes) VALUES('90002','1','ROSANGELA GERBER','1975-02-11','5.926.517-2 / PR','996.891.389-87','2','','','','','','14','Rua Des. Westphalen','638','Ap.','','6','Centro ','80010-110','Curitiba','PR','','','','4192036602','','','rogerber_jornalismo@hotmail.com','','','09/10/08 - Cliente hotspot instalada em 27/09/08, contratou serviço de 200 kbps correspondete ao mes 10, ficando acertado boleto para dia 15/10 e demais para o dia 10 com periodo de dia 1 ao dia 30 de cada mes;
')
1223586859	INSERT INTO logs_admin(login,mensagem,query) VALUES('smart','Cadastro Cliente ID=154 Nome=ROSANGELA GERBER','')
1223589126	INSERT INTO logs_admin(login,mensagem,query) VALUES('smart','Logout','')
1223589131	UPDATE admins SET ultacesso_ip='10.10.11.12',ultacesso=NOW() WHERE id=1
1223589131	INSERT INTO logs_admin(login,mensagem,query) VALUES('smart','Login','')
1223589736	UPDATE grupos SET nome_padrao='HotSpot Centro',codigo='90',tipo='99',nome='HotSpot',endereco='Av Seete de Setembro ',numero='3293',bairro='Centro',cep='80230010',cidade='Curitiba',uf='PR',observacoes='HotSpot centralizado EdRoma.' WHERE id=14
1223589748	UPDATE grupos SET nome_padrao='HotSpot Centro',codigo='90',tipo='99',nome='HotSpot Centro',endereco='Av Seete de Setembro ',numero='3293',bairro='Centro',cep='80230010',cidade='Curitiba',uf='PR',observacoes='HotSpot centralizado EdRoma.' WHERE id=14
1223589953	INSERT INTO grupos(nome_padrao,codigo,tipo,nome,endereco,numero,bairro,cep,cidade,uf,observacoes) VALUES('HotSpot ZonaSul','91','99','HotSpot ZonaSul','Rua Otavio Saldanha Maza','7777','Pinheirinho','','Curitiba','PR','H')
1223590087	UPDATE grupos SET nome_padrao='HotSpot ZonaSul',codigo='91',tipo='99',nome='HotSpot ZonaSul',endereco='R Marechal Otávio Saldanha Mazza',numero='7777',bairro='Pinheirinho',cep='81150060',cidade='Curitiba',uf='PR',observacoes='HotSpot Centralizado no EdOrionis.' WHERE id=15
1223590225	INSERT INTO grupos(nome_padrao,codigo,tipo,nome,endereco,numero,bairro,cep,cidade,uf,observacoes) VALUES('HotSpot DT-CCC','99','99','HotSpot DT-CCC','Av WILSON CHURCHIL','','PINHEIRINHO','','CURITIBA','PR','HotSpot centralizado no Centro Comercial Churchil, baseado na antena omni da DataBull')
1223590559	UPDATE grupos SET nome_padrao='HotSpot ZonaSul',codigo='50',tipo='99',nome='HotSpot ZonaSul',endereco='R Marechal Otávio Saldanha Mazza',numero='7777',bairro='Pinheirinho',cep='81150060',cidade='Curitiba',uf='PR',observacoes='HotSpot Centralizado no EdOrionis.' WHERE id=15
1223590617	UPDATE grupos SET nome_padrao='EdBCapanema',codigo='151',tipo='1',nome='Condominio Residencial Barão de Capanema',endereco='',numero='',bairro='Jardim Botânico',cep='',cidade='Curitiba',uf='PR',observacoes='' WHERE id=11
1223590639	UPDATE grupos SET nome_padrao='HotSpot DT-CCC',codigo='51',tipo='99',nome='HotSpot DT-CCC',endereco='Av WILSON CHURCHIL',numero='',bairro='PINHEIRINHO',cep='',cidade='CURITIBA',uf='PR',observacoes='HotSpot centralizado no Centro Comercial Churchil, baseado na antena omni da DataBull' WHERE id=16
1223592266	UPDATE grupos SET nome_padrao='HotSpot ZonaSul',codigo='60',tipo='99',nome='HotSpot ZonaSul',endereco='R Marechal Otávio Saldanha Mazza',numero='7777',bairro='Pinheirinho',cep='81150060',cidade='Curitiba',uf='PR',observacoes='HotSpot Centralizado no EdOrionis.' WHERE id=15
1223592569	INSERT INTO grupos(nome_padrao,codigo,tipo,nome,endereco,numero,bairro,cep,cidade,uf,observacoes) VALUES('HotSpot Seminario','30','99','HotSpot Seminario','Av Nossa Senhora Aparecida','501','Seminario','80440000','Curitiba','PR','HotSpot centralizadfo no condominio Aries no bairro do Seminario - Curitiba (PR).')
1223592706	INSERT INTO grupos(nome_padrao,codigo,tipo,nome,endereco,numero,bairro,cep,cidade,uf,observacoes) VALUES('HotSpot BItibere','91','99','HotSpotBItibere','Rua Brasilio Itibere','2455','Rebouças','80230-050','Curitiba','PR','HotSpot centralizado no condominio Brasilio Itibere no bairro do Rebouças - Curitiba (PR).')
1223592739	UPDATE grupos SET nome_padrao='HotSpot BItibere',codigo='91',tipo='99',nome='HotSpot BItibere',endereco='Rua Brasilio Itibere',numero='2455',bairro='Rebouças',cep='80230-050',cidade='Curitiba',uf='PR',observacoes='HotSpot centralizado no condominio Brasilio Itibere no bairro do Rebouças - Curitiba (PR).' WHERE id=18
1223593301	INSERT INTO clientes(codigo,tipo,nome,nascimento,rg,cpf,sexo,razao_social,nome_fantasia,cnpj,inscr_municipal,inscr_estadual,grupo_id,endereco,numero,complemento_tipo,bloco,complemento,bairro,cep,cidade,uf,tel_residencial,tel_comercial,fax,tel_celular1,tel_celular2,site,email1,email2,email3,observacoes) VALUES('60001','1','SERGIO LUIZ NICHELE JUNIOR','1979-08-13','6.261.999-6 / PR','026.175.249-90','1','','','','','','15','Av Winston Churchill','955','Ap.','','31','Capão Raso','81130-000','Curitiba','PR','4135679793','','','4199931579','','','sergionichelejr@hotmail.com','','','cliente vendido pela DTB, instalado em 20/09/08, plano SmartConnect300 para uso em 3 maquinas ao custo de R$ 60,00 com vencimento para todo dia 10 de cada mês.
')
1223593301	INSERT INTO logs_admin(login,mensagem,query) VALUES('smart','Cadastro Cliente ID=155 Nome=SERGIO LUIZ NICHELE JUNIOR','')
1223594023	UPDATE clientes SET codigo='90002',tipo='1',nome='ROSANGELA GERBER',nascimento='1975-02-11',rg='5.926.517-2 / PR',cpf='996.891.389-87',sexo='2',razao_social='',nome_fantasia='',cnpj='',inscr_municipal='',inscr_estadual='',grupo_id='14',endereco='Rua Des. Westphalen',numero='638',complemento_tipo='Ap.',bloco='',complemento='6',bairro='Centro ',cep='80010-110',cidade='Curitiba',uf='PR',tel_residencial='',tel_comercial='',fax='',tel_celular1='4192036602',tel_celular2='',site='',email1='rogerber_jornalismo@hotmail.com',email2='',email3='',observacoes='09/10/08 - Cliente hotspot instalada em 27/09/08, contratou serviço de 200 kbps correspondente ao mes 10, ficando acertado boleto para dia 15/10 e demais para o dia 10 com periodo de dia 1 ao dia 30 de cada mes;
' WHERE id=154
1223594023	INSERT INTO logs_admin(login,mensagem,query) VALUES('smart','Alterado Cliente ID=154 Nome=ROSANGELA GERBER','')
1223594050	UPDATE clientes SET codigo='90002',tipo='1',nome='ROSANGELA GERBER',nascimento='1975-02-11',rg='5.926.517-2 / PR',cpf='996.891.389-87',sexo='2',razao_social='',nome_fantasia='',cnpj='',inscr_municipal='',inscr_estadual='',grupo_id='14',endereco='Rua Des. Westphalen',numero='638',complemento_tipo='Ap.',bloco='',complemento='6',bairro='Centro ',cep='80010-110',cidade='Curitiba',uf='PR',tel_residencial='',tel_comercial='',fax='',tel_celular1='4192036602',tel_celular2='',site='',email1='rogerber_jornalismo@hotmail.com',email2='',email3='',observacoes='09/10/08 - Cliente hotspot instalada em 27/09/08, contratou serviço de 200 kbps correspondente ao mes 10/08, ficando acertado boleto para dia 15/10 e demais para o dia 10 com periodo de dia 1 ao dia 30 de cada mes;
' WHERE id=154
1223594050	INSERT INTO logs_admin(login,mensagem,query) VALUES('smart','Alterado Cliente ID=154 Nome=ROSANGELA GERBER','')
1223597184	INSERT INTO logs_admin(login,mensagem,query) VALUES('smart','Logout','')
