1213015338	UPDATE admins SET ultacesso_ip='10.10.11.11',ultacesso=NOW() WHERE id=3
1213015338	INSERT INTO logs_admin(login,mensagem,query) VALUES('sergio','Login','')
1213015647	UPDATE clientes SET codigo='00004',tipo='2',nome='',nascimento='',rg='',cpf='045.430.730-00',sexo='',razao_social='Mercador Fomento Mercantil LTDA.',nome_fantasia='Mercador Fomento Mercantil LTDA.',cnpj='',inscr_municipal='x',inscr_estadual='x',grupo_id='10',endereco='',numero='',complemento_tipo='',bloco='',complemento='',bairro='',cep='',cidade='',uf='PR',tel_residencial='',tel_comercial='',fax='',tel_celular1='',tel_celular2='',site='',email1='',email2='',email3='',observacoes='Dados Bancários:
HSBC
AG: 0054
CC: 28487-75' WHERE id=111
1213015647	INSERT INTO logs_admin(login,mensagem,query) VALUES('sergio','Alterado Cliente ID=111 Nome=','')
1213015753	UPDATE clientes SET codigo='00004',tipo='2',nome='',nascimento='',rg='',cpf='045.430.730-00',sexo='',razao_social='Mercador Fomento Mercantil LTDA.',nome_fantasia='Mercador Fomento Mercantil LTDA.',cnpj='',inscr_municipal='x',inscr_estadual='x',grupo_id='10',endereco='',numero='',complemento_tipo='',bloco='',complemento='',bairro='',cep='',cidade='',uf='PR',tel_residencial='',tel_comercial='',fax='',tel_celular1='',tel_celular2='',site='',email1='',email2='',email3='',observacoes='Dados Bancários:
HSBC
AG: 0054
CC: 28487-75' WHERE id=111
1213015753	INSERT INTO logs_admin(login,mensagem,query) VALUES('sergio','Alterado Cliente ID=111 Nome=','')
1213015758	UPDATE clientes SET codigo='00004',tipo='2',nome='',nascimento='',rg='',cpf='045.430.730-00',sexo='',razao_social='Mercador Fomento Mercantil LTDA.',nome_fantasia='Mercador Fomento Mercantil LTDA.',cnpj='',inscr_municipal='x',inscr_estadual='x',grupo_id='10',endereco='',numero='',complemento_tipo='',bloco='',complemento='',bairro='',cep='',cidade='',uf='PR',tel_residencial='',tel_comercial='',fax='',tel_celular1='',tel_celular2='',site='',email1='',email2='',email3='',observacoes='Dados Bancários:
HSBC
AG: 0054
CC: 28487-75' WHERE id=111
1213015758	INSERT INTO logs_admin(login,mensagem,query) VALUES('sergio','Alterado Cliente ID=111 Nome=','')
1213015792	UPDATE clientes SET codigo='00004',tipo='2',nome='',nascimento='',rg='',cpf='045.430.730-00',sexo='',razao_social='Mercador Fomento Mercantil LTDA.',nome_fantasia='Mercador Fomento Mercantil LTDA.',cnpj='',inscr_municipal='x',inscr_estadual='x',grupo_id='10',endereco='',numero='',complemento_tipo='',bloco='',complemento='',bairro='',cep='',cidade='',uf='PR',tel_residencial='',tel_comercial='',fax='',tel_celular1='',tel_celular2='',site='',email1='',email2='',email3='',observacoes='Dados Bancários:
HSBC
AG: 0054
CC: 28487-75' WHERE id=111
1213015792	INSERT INTO logs_admin(login,mensagem,query) VALUES('sergio','Alterado Cliente ID=111 Nome=','')
1213015828	UPDATE clientes SET codigo='00005',tipo='2',nome='',nascimento='',rg='',cpf='',sexo='',razao_social='Fontoura e Silva Com. de Informática',nome_fantasia='Fontoura e Silva Com. de Informática',cnpj='',inscr_municipal='x',inscr_estadual='x',grupo_id='10',endereco='',numero='',complemento_tipo='',bloco='',complemento='',bairro='',cep='',cidade='',uf='PR',tel_residencial='',tel_comercial='',fax='',tel_celular1='',tel_celular2='',site='',email1='',email2='',email3='',observacoes='Dados Bancários:
Itaú
AG: 3761
CC: 09324-8' WHERE id=112
1213015828	INSERT INTO logs_admin(login,mensagem,query) VALUES('sergio','Alterado Cliente ID=112 Nome=','')
1213015842	UPDATE clientes SET codigo='00008',tipo='2',nome='',nascimento='',rg='',cpf='',sexo='',razao_social='BV Financeira - Daniel Moreira',nome_fantasia='BV Financeira - Daniel Moreira',cnpj='',inscr_municipal='',inscr_estadual='',grupo_id='10',endereco='Avenida Mal. Deodoro',numero='261',complemento_tipo='Lj.',bloco='',complemento='Térreo',bairro='',cep='',cidade='',uf='PR',tel_residencial='',tel_comercial='41 3596-3900',fax='',tel_celular1='41 8808-1787',tel_celular2='',site='',email1='daniel.moreira@cppromotora.com.br',email2='',email3='',observacoes='' WHERE id=117
1213015842	INSERT INTO logs_admin(login,mensagem,query) VALUES('sergio','Alterado Cliente ID=117 Nome=','')
1213015857	UPDATE clientes SET codigo='00009',tipo='2',nome='',nascimento='',rg='',cpf='',sexo='',razao_social='B2 Informática',nome_fantasia='B2 Informática',cnpj='',inscr_municipal='x',inscr_estadual='x',grupo_id='10',endereco='',numero='',complemento_tipo='',bloco='',complemento='',bairro='',cep='',cidade='',uf='PR',tel_residencial='',tel_comercial='41 3029-9404',fax='',tel_celular1='',tel_celular2='',site='www.infob2.com.br',email1='vendas@infob2.com.br',email2='',email3='',observacoes='Contato: Renato' WHERE id=118
1213015857	INSERT INTO logs_admin(login,mensagem,query) VALUES('sergio','Alterado Cliente ID=118 Nome=','')
1213015932	UPDATE clientes SET codigo='00007',tipo='2',nome='',nascimento='',rg='',cpf='004.170.810-00',sexo='',razao_social='Federação Paranaense de Ginástica',nome_fantasia='Federação Paranaense de Ginástica',cnpj='',inscr_municipal='',inscr_estadual='',grupo_id='10',endereco='Rua Profª Antonia Reginatto Viana',numero='921',complemento_tipo='',bloco='',complemento='',bairro='',cep='',cidade='Curitiba',uf='PR',tel_residencial='',tel_comercial='',fax='',tel_celular1='',tel_celular2='',site='',email1='',email2='',email3='',observacoes='004.170.810-00' WHERE id=115
1213015932	INSERT INTO logs_admin(login,mensagem,query) VALUES('sergio','Alterado Cliente ID=115 Nome=','')
1213015957	UPDATE clientes SET codigo='00003',tipo='2',nome='',nascimento='',rg='',cpf='',sexo='',razao_social='GE Money',nome_fantasia='GE Money',cnpj='',inscr_municipal='',inscr_estadual='',grupo_id='10',endereco='Rua Monsenhor Celso',numero='23',complemento_tipo='',bloco='',complemento='',bairro='Centro',cep='80010-150',cidade='Curitiba',uf='PR',tel_residencial='',tel_comercial='41 3224-0177',fax='41 3224-7119',tel_celular1='',tel_celular2='',site='',email1='',email2='',email3='',observacoes='Contato: Ediely Bilo
Site: www.gemoney.com.br' WHERE id=109
1213015957	INSERT INTO logs_admin(login,mensagem,query) VALUES('sergio','Alterado Cliente ID=109 Nome=','')
1213015967	UPDATE clientes SET codigo='00003',tipo='2',nome='',nascimento='',rg='',cpf='',sexo='',razao_social='GE Money',nome_fantasia='GE Money',cnpj='',inscr_municipal='',inscr_estadual='',grupo_id='10',endereco='Rua Monsenhor Celso',numero='23',complemento_tipo='',bloco='',complemento='',bairro='Centro',cep='80010-150',cidade='Curitiba',uf='PR',tel_residencial='',tel_comercial='41 3224-0177',fax='41 3224-7119',tel_celular1='',tel_celular2='',site='www.gemoney.com.br',email1='',email2='',email3='',observacoes='Contato: Ediely Bilo' WHERE id=109
1213015967	INSERT INTO logs_admin(login,mensagem,query) VALUES('sergio','Alterado Cliente ID=109 Nome=','')
1213015999	UPDATE clientes SET codigo='00002',tipo='2',nome='',nascimento='',rg='',cpf='765.823.370-00',sexo='',razao_social='IPPUC - Instituto de Pesquisa e Planejamento Urbano de Curitiba',nome_fantasia='IPPUC - Instituto de Pesquisa e Planejamento Urbano de Curitiba',cnpj='',inscr_municipal='',inscr_estadual='',grupo_id='10',endereco='Rua Bom Jesus',numero='669',complemento_tipo='',bloco='',complemento='',bairro='Juveve',cep='80035010',cidade='Curitiba',uf='PR',tel_residencial='',tel_comercial='41 3250-1300',fax='',tel_celular1='',tel_celular2='',site='',email1='',email2='',email3='',observacoes='Cliente de Vendas de equipamentos e de Serviços de suporte e manutenção em servidores.' WHERE id=22
1213015999	INSERT INTO logs_admin(login,mensagem,query) VALUES('sergio','Alterado Cliente ID=22 Nome=','')
1213016013	UPDATE clientes SET codigo='00006',tipo='2',nome='',nascimento='',rg='',cpf='',sexo='',razao_social='Paraná Despachante',nome_fantasia='Paraná Despachante',cnpj='',inscr_municipal='',inscr_estadual='',grupo_id='10',endereco='',numero='',complemento_tipo='',bloco='',complemento='',bairro='',cep='',cidade='',uf='PR',tel_residencial='',tel_comercial='41 3015-5501',fax='',tel_celular1='',tel_celular2='',site='',email1='',email2='',email3='',observacoes='' WHERE id=113
1213016013	INSERT INTO logs_admin(login,mensagem,query) VALUES('sergio','Alterado Cliente ID=113 Nome=','')
1213016491	UPDATE clientes SET codigo='04008',tipo='2',nome='',nascimento='',rg='',cpf='000.580.940-00',sexo='',razao_social='R. Huczok Consulting Ltda.',nome_fantasia='R. Huczok Consulting Ltda.',cnpj='',inscr_municipal='',inscr_estadual='',grupo_id='5',endereco='R. 24 de Maio',numero='262',complemento_tipo='Cj.',bloco='',complemento='1001 /  1002',bairro='Centro',cep='80230-080',cidade='Curitiba',uf='PR',tel_residencial='',tel_comercial='',fax='',tel_celular1='',tel_celular2='',site='',email1='',email2='',email3='',observacoes='' WHERE id=48
1213016491	INSERT INTO logs_admin(login,mensagem,query) VALUES('sergio','Alterado Cliente ID=48 Nome=','')
1213018454	UPDATE admins SET ultacesso_ip='10.10.11.11',ultacesso=NOW() WHERE id=3
1213018454	INSERT INTO logs_admin(login,mensagem,query) VALUES('sergio','Login','')
1213018840	UPDATE clientes SET codigo='04009',tipo='2',nome='',nascimento='',rg='999999',cpf='766.412.650-00',sexo='',razao_social='DIVALPAR Participação Societária Ltda.',nome_fantasia='DIVALPAR Participação Societária Ltda.',cnpj='',inscr_municipal='',inscr_estadual='',grupo_id='5',endereco='Rua 24 de Maio',numero='262',complemento_tipo='Cj.',bloco='',complemento='1104',bairro='Centro',cep='80230-080',cidade='Curitiba',uf='PR',tel_residencial='4133223410',tel_comercial='',fax='',tel_celular1='',tel_celular2='',site='',email1='',email2='',email3='',observacoes='' WHERE id=49
1213018840	INSERT INTO logs_admin(login,mensagem,query) VALUES('sergio','Alterado Cliente ID=49 Nome=','')
1213018908	UPDATE clientes SET codigo='04002',tipo='2',nome='',nascimento='',rg='',cpf='016.254.010-00',sexo='',razao_social='ACC Aduditoria Contabil S/C Ltda.',nome_fantasia='ACC Aduditoria Contabil S/C Ltda.',cnpj='',inscr_municipal='',inscr_estadual='',grupo_id='5',endereco='R. 24 de Maio',numero='262',complemento_tipo='Cj.',bloco='',complemento='1103',bairro='Centro',cep='80230-080',cidade='Curitiba',uf='PR',tel_residencial='',tel_comercial='',fax='',tel_celular1='',tel_celular2='',site='',email1='',email2='',email3='',observacoes='' WHERE id=42
1213018908	INSERT INTO logs_admin(login,mensagem,query) VALUES('sergio','Alterado Cliente ID=42 Nome=','')
1213018924	UPDATE clientes SET codigo='04012',tipo='2',nome='',nascimento='',rg='',cpf='017.667.360-00',sexo='',razao_social='EPRON Serviço de Informática S/C Ltda.',nome_fantasia='EPRON Serviço de Informática S/C Ltda.',cnpj='',inscr_municipal='',inscr_estadual='',grupo_id='5',endereco='Rua 24 de Maio',numero='262',complemento_tipo='Cj.',bloco='',complemento='605',bairro='Centro',cep='80230-080',cidade='Curitiba',uf='PR',tel_residencial='',tel_comercial='',fax='',tel_celular1='',tel_celular2='',site='',email1='',email2='',email3='',observacoes='Ivan desenvolvedor de software para a Huczok.' WHERE id=52
1213018924	INSERT INTO logs_admin(login,mensagem,query) VALUES('sergio','Alterado Cliente ID=52 Nome=','')
1213018933	UPDATE clientes SET codigo='04011',tipo='2',nome='',nascimento='',rg='',cpf='011.343.090-00',sexo='',razao_social='Olimpus Agência de Viagem e Turismo Ltda.',nome_fantasia='Olimpus Agência de Viagem e Turismo Ltda.',cnpj='',inscr_municipal='',inscr_estadual='',grupo_id='5',endereco='Rua 24 de Maio',numero='262',complemento_tipo='Cj.',bloco='',complemento='1202',bairro='Centro',cep='80230-080',cidade='Curitiba',uf='PR',tel_residencial='',tel_comercial='',fax='',tel_celular1='',tel_celular2='',site='',email1='',email2='',email3='',observacoes='' WHERE id=51
1213018933	INSERT INTO logs_admin(login,mensagem,query) VALUES('sergio','Alterado Cliente ID=51 Nome=','')
1213018947	UPDATE clientes SET codigo='04010',tipo='2',nome='',nascimento='',rg='',cpf='081.823.640-00',sexo='',razao_social='Rogoski & Soares C. A. Elet. Ltda.',nome_fantasia='Rogoski & Soares C. A. Elet. Ltda.',cnpj='',inscr_municipal='',inscr_estadual='',grupo_id='5',endereco='Rua 24 de Maio',numero='262',complemento_tipo='Cj.',bloco='',complemento='1201',bairro='Centro',cep='80230-080',cidade='Curitiba',uf='PR',tel_residencial='',tel_comercial='',fax='',tel_celular1='',tel_celular2='',site='',email1='',email2='',email3='',observacoes='' WHERE id=50
1213018947	INSERT INTO logs_admin(login,mensagem,query) VALUES('sergio','Alterado Cliente ID=50 Nome=','')
1213028060	UPDATE admins SET ultacesso_ip='10.10.11.12',ultacesso=NOW() WHERE id=1
1213028060	INSERT INTO logs_admin(login,mensagem,query) VALUES('smart','Login','')
