1216382700	UPDATE admins SET ultacesso_ip='10.10.11.8',ultacesso=NOW() WHERE id=3
1216382700	INSERT INTO logs_admin(login,mensagem,query) VALUES('sergio','Login','')
1216383517	INSERT INTO clientes(codigo,tipo,nome,nascimento,rg,cpf,sexo,razao_social,nome_fantasia,cnpj,inscr_municipal,inscr_estadual,grupo_id,endereco,numero,complemento_tipo,bloco,complemento,bairro,cep,cidade,uf,tel_residencial,tel_comercial,fax,tel_celular1,tel_celular2,site,email1,email2,email3,observacoes) VALUES('06025','1','Renato Alves Ribeiro','','','','1','','','','','','4','Av. Sete de Setembro','3293','Ap.','','608','Centro','80.230-010','Curitiba','PR','','','','9186 1648','','','','','','Possivel futuro cliente, entrou em contato 18/07/08')
1216383517	INSERT INTO logs_admin(login,mensagem,query) VALUES('sergio','Cadastro Cliente ID=135 Nome=Renato Alves Ribeiro','')
1216383806	UPDATE clientes SET codigo='06009',tipo='1',nome='Rose Cristina Neves',nascimento='',rg='',cpf='',sexo='2',razao_social='',nome_fantasia='',cnpj='',inscr_municipal='',inscr_estadual='',grupo_id='4',endereco='Av. Sete de Setembro',numero='3293',complemento_tipo='Ap.',bloco='',complemento='603',bairro='Centro',cep='80.230-010',cidade='Curitiba',uf='PR',tel_residencial='',tel_comercial='',fax='',tel_celular1='',tel_celular2='',site='',email1='',email2='',email3='',observacoes='' WHERE id=68
1216383806	INSERT INTO logs_admin(login,mensagem,query) VALUES('sergio','Alterado Cliente ID=68 Nome=Rose Cristina Neves','')
1216383864	UPDATE clientes SET codigo='06018',tipo='1',nome='Fabiana Reis',nascimento='',rg='',cpf='',sexo='2',razao_social='',nome_fantasia='',cnpj='',inscr_municipal='',inscr_estadual='',grupo_id='4',endereco='Av. Sete de Setembro',numero='3293',complemento_tipo='Ap.',bloco='',complemento='1301',bairro='Centro',cep='80.230-010',cidade='Curitiba',uf='PR',tel_residencial='',tel_comercial='',fax='',tel_celular1='',tel_celular2='',site='',email1='',email2='',email3='',observacoes='Filha da D. Lourdes zeladora do predio.' WHERE id=77
1216383864	INSERT INTO logs_admin(login,mensagem,query) VALUES('sergio','Alterado Cliente ID=77 Nome=Fabiana Reis','')
1216383894	UPDATE clientes SET codigo='06008',tipo='1',nome='Katia Cristina Zardo',nascimento='',rg='6012334-9 PR',cpf='929.051.619-49',sexo='2',razao_social='',nome_fantasia='',cnpj='',inscr_municipal='',inscr_estadual='',grupo_id='4',endereco='Av. Sete de Setembro',numero='3293',complemento_tipo='Ap.',bloco='',complemento='602',bairro='Centro',cep='80.230-010',cidade='Curitiba',uf='PR',tel_residencial='',tel_comercial='4130242408',fax='',tel_celular1='4191118397',tel_celular2='',site='',email1='katia.zardo@hotmail.com',email2='',email3='',observacoes='' WHERE id=67
1216383894	INSERT INTO logs_admin(login,mensagem,query) VALUES('sergio','Alterado Cliente ID=67 Nome=Katia Cristina Zardo','')
1216384716	INSERT INTO titulos(cliente_id,contrato_id,referencia_mes,referencia_ano,periodo_inicio,periodo_fim,vencimento,codigo,valor,observacoes) VALUES('16','11','7','2008','2008-07-10','2008-08-09','2008-08-10','243528','45,00','sasdf a fvafgradfgdsfgdsf ds fg')
1216384716	INSERT INTO logs_admin(login,mensagem,query) VALUES('sergio','Cadastro Titulo ID=6 Codigo=243528','')
1216385345	INSERT INTO titulos(cliente_id,contrato_id,referencia_mes,referencia_ano,periodo_inicio,periodo_fim,vencimento,codigo,valor,observacoes) VALUES('35','17','7','2008','2008-07-10','2008-08-09','2008-08-10','243529','45,00','kfdmn jfdhjnvdslkjnlkdj nl')
1216385345	INSERT INTO logs_admin(login,mensagem,query) VALUES('sergio','Cadastro Titulo ID=7 Codigo=243529','')
1216385472	INSERT INTO titulos(cliente_id,contrato_id,referencia_mes,referencia_ano,periodo_inicio,periodo_fim,vencimento,codigo,valor,observacoes) VALUES('10','8','7','2008','2008-07-10','2008-08-09','2008-08-10','243530','45,00','')
1216385472	INSERT INTO logs_admin(login,mensagem,query) VALUES('sergio','Cadastro Titulo ID=8 Codigo=243530','')
1216387032	INSERT INTO clientes(codigo,tipo,nome,nascimento,rg,cpf,sexo,razao_social,nome_fantasia,cnpj,inscr_municipal,inscr_estadual,grupo_id,endereco,numero,complemento_tipo,bloco,complemento,bairro,cep,cidade,uf,tel_residencial,tel_comercial,fax,tel_celular1,tel_celular2,site,email1,email2,email3,observacoes) VALUES('06026','1','Raphael de Andrade','1992-03-05','97099472','053.494.669-09','1','','','','','','4','Av. Sete de Setembro','3293','Ap.','701','','Centro','80.230-010','Curitiba','PR','33248643','','','88887230','','','raphaelde.andrade@yahoo.com.br','','','Taxa de habilitação: 30,00
Plano: 200x400
')
1216387032	INSERT INTO logs_admin(login,mensagem,query) VALUES('sergio','Cadastro Cliente ID=136 Nome=Raphael de Andrade','')
1216387090	UPDATE clientes SET codigo='06026',tipo='1',nome='Raphael de Andrade',nascimento='1992-03-05',rg='97099472',cpf='053.494.669-09',sexo='1',razao_social='',nome_fantasia='',cnpj='',inscr_municipal='',inscr_estadual='',grupo_id='4',endereco='Av. Sete de Setembro',numero='3293',complemento_tipo='Ap.',bloco='',complemento='701',bairro='Centro',cep='80.230-010',cidade='Curitiba',uf='PR',tel_residencial='33248643',tel_comercial='',fax='',tel_celular1='88887230',tel_celular2='',site='',email1='raphaelde.andrade@yahoo.com.br',email2='',email3='',observacoes='Taxa de habilitação de sinal: R$ 30,00
Plano escolhido: 200x400
' WHERE id=136
1216387090	INSERT INTO logs_admin(login,mensagem,query) VALUES('sergio','Alterado Cliente ID=136 Nome=Raphael de Andrade','')
1216387791	INSERT INTO contratos(codigo,descricao,provedor_id,plano_id,cliente_id,grupo_id,data_inicio,data_termino,periodo_id,vencimento_padrao,valor_padrao,ativo,observacoes) VALUES('','','5','4','136','4','2008-07-18','','7','10','60.00','1','')
1216387821	UPDATE planos SET codigo='sc200',nome='SmartConnect200',descricao='',vel_download='200',vel_upload='100',valor_base='30.00',valor_pontoadicional='10.00',fidelidade='',observacoes='' WHERE id=7
1216387847	UPDATE planos SET codigo='sc400',nome='SmartConnect400',descricao='Bla bla bla',vel_download='400',vel_upload='200',valor_base='60.00',valor_pontoadicional='10.00',fidelidade='',observacoes='' WHERE id=4
1216388557	DELETE FROM planos WHERE id=10
