1217686679	UPDATE admins SET ultacesso_ip='127.0.0.1',ultacesso=NOW() WHERE id=3
1217686682	INSERT INTO logs_admin(login,mensagem,query) VALUES('sergio','Login','')
1217688066	UPDATE contratos SET codigo='',descricao='',provedor_id='5',plano_id='1',cliente_id='37',grupo_id='6',data_inicio='2008-04-06',data_termino='',periodo_id='4',vencimento_padrao='10',valor_padrao='',ativo='1',observacoes='' WHERE id=19
1217688279	UPDATE contratos SET codigo='',descricao='',provedor_id='5',plano_id='1',cliente_id='8',grupo_id='3',data_inicio='2008-02-01',data_termino='',periodo_id='4',vencimento_padrao='10',valor_padrao='',ativo='1',observacoes='' WHERE id=24
1217699847	UPDATE admins SET ultacesso_ip='127.0.0.1',ultacesso=NOW() WHERE id=3
1217699847	INSERT INTO logs_admin(login,mensagem,query) VALUES('sergio','Login','')
1217709135	UPDATE admins SET ultacesso_ip='10.10.11.12',ultacesso=NOW() WHERE id=1
1217709136	INSERT INTO logs_admin(login,mensagem,query) VALUES('smart','Login','')
1217709412	UPDATE clientes SET codigo='06027',tipo='1',nome='William Roberto Kalinski',nascimento='1985-08-30',rg='8005648-6',cpf='049.679.799-98',sexo='1',razao_social='',nome_fantasia='',cnpj='',inscr_municipal='',inscr_estadual='',grupo_id='4',endereco='Av. Sete de Setembro',numero='3293',complemento_tipo='Ap.',bloco='',complemento='203',bairro='Centro',cep='80.230-010',cidade='Curitiba',uf='PR',tel_residencial='4136795689',tel_comercial='',fax='',tel_celular1='4196663355',tel_celular2='',site='',email1='williamroberto_ctba@yahoo.com.br',email2='',email3='',observacoes='* tlf > recados com elaine
instalação efetuada 29/07
plano smart200, tx instalação R$ 60,00 p/ 10/08.
' WHERE id=140
1217709412	INSERT INTO logs_admin(login,mensagem,query) VALUES('sergio','Alterado Cliente ID=140 Nome=William Roberto Kalinski','')
1217709615	UPDATE clientes SET codigo='04013',tipo='1',nome='Jonathan Magalhães de Mendonça',nascimento='1981-01-25',rg='377.790 / RO',cpf='711.121.542-72',sexo='1',razao_social='',nome_fantasia='',cnpj='',inscr_municipal='',inscr_estadual='',grupo_id='5',endereco='R. 24 de Maio',numero='262',complemento_tipo='Cj.',bloco='',complemento='301',bairro='Centro',cep='80230-080',cidade='Curitiba',uf='PR',tel_residencial='',tel_comercial='41 3232-5415',fax='',tel_celular1='41 8467-2571',tel_celular2='',site='',email1='jonathan_843e@hotmail.com',email2='',email3='',observacoes='Entrou no lugar do Vanildo
Instalação efetuada 26/07/08' WHERE id=141
1217709615	INSERT INTO logs_admin(login,mensagem,query) VALUES('sergio','Alterado Cliente ID=141 Nome=Jonathan Magalhães de Mendonça','')
1217709681	UPDATE contratos SET codigo='',descricao='',provedor_id='5',plano_id='1',cliente_id='8',grupo_id='3',data_inicio='2008-02-01',data_termino='',periodo_id='',vencimento_padrao='10',valor_padrao='',ativo='1',observacoes='' WHERE id=24
1217709732	UPDATE contratos SET codigo='',descricao='',provedor_id='5',plano_id='1',cliente_id='8',grupo_id='3',data_inicio='2008-02-01',data_termino='2008-07-09',periodo_id='7',vencimento_padrao='10',valor_padrao='',ativo='',observacoes='' WHERE id=24
1217709770	UPDATE contratos SET codigo='',descricao='',provedor_id='5',plano_id='1',cliente_id='7',grupo_id='3',data_inicio='2008-01-14',data_termino='',periodo_id='7',vencimento_padrao='20',valor_padrao='',ativo='1',observacoes='' WHERE id=5
1217709790	UPDATE contratos SET codigo='',descricao='',provedor_id='5',plano_id='1',cliente_id='10',grupo_id='3',data_inicio='2008-01-14',data_termino='',periodo_id='7',vencimento_padrao='10',valor_padrao='',ativo='1',observacoes='' WHERE id=8
1217709863	INSERT INTO contratos(codigo,descricao,provedor_id,plano_id,cliente_id,grupo_id,data_inicio,data_termino,periodo_id,vencimento_padrao,valor_padrao,ativo,observacoes) VALUES('','','5','1','133','3','08-06-21','','7','10','','1','')
1217709897	UPDATE contratos SET codigo='',descricao='',provedor_id='5',plano_id='7',cliente_id='137',grupo_id='3',data_inicio='2008-07-22',data_termino='',periodo_id='7',vencimento_padrao='10',valor_padrao='',ativo='1',observacoes='' WHERE id=26
1217709921	UPDATE contratos SET codigo='',descricao='',provedor_id='5',plano_id='7',cliente_id='12',grupo_id='3',data_inicio='2008-01-14',data_termino='',periodo_id='7',vencimento_padrao='10',valor_padrao='',ativo='1',observacoes='' WHERE id=10
1217709939	UPDATE contratos SET codigo='',descricao='',provedor_id='5',plano_id='1',cliente_id='13',grupo_id='3',data_inicio='2008-02-01',data_termino='2008-08-02',periodo_id='7',vencimento_padrao='10',valor_padrao='',ativo='1',observacoes='' WHERE id=14
1217709960	UPDATE contratos SET codigo='',descricao='',provedor_id='5',plano_id='1',cliente_id='14',grupo_id='3',data_inicio='2008-02-20',data_termino='2008-08-14',periodo_id='7',vencimento_padrao='10',valor_padrao='',ativo='1',observacoes='' WHERE id=12
1217710028	INSERT INTO contratos(codigo,descricao,provedor_id,plano_id,cliente_id,grupo_id,data_inicio,data_termino,periodo_id,vencimento_padrao,valor_padrao,ativo,observacoes) VALUES('','','5','1','127','3','08-03-12','','7','10','','1','')
1217710057	UPDATE contratos SET codigo='',descricao='',provedor_id='5',plano_id='1',cliente_id='138',grupo_id='3',data_inicio='2008-07-26',data_termino='',periodo_id='7',vencimento_padrao='10',valor_padrao='',ativo='1',observacoes='' WHERE id=27
1217710113	UPDATE contratos SET codigo='',descricao='',provedor_id='5',plano_id='1',cliente_id='15',grupo_id='3',data_inicio='',data_termino='',periodo_id='7',vencimento_padrao='10',valor_padrao='',ativo='1',observacoes='' WHERE id=15
1217710138	UPDATE contratos SET codigo='',descricao='',provedor_id='5',plano_id='1',cliente_id='16',grupo_id='3',data_inicio='',data_termino='',periodo_id='7',vencimento_padrao='10',valor_padrao='',ativo='1',observacoes='' WHERE id=11
1217710215	UPDATE contratos SET codigo='',descricao='',provedor_id='5',plano_id='1',cliente_id='11',grupo_id='3',data_inicio='2008-01-14',data_termino='2008-02-09',periodo_id='7',vencimento_padrao='10',valor_padrao='',ativo='',observacoes='' WHERE id=9
1217710316	UPDATE contratos SET codigo='',descricao='',provedor_id='5',plano_id='1',cliente_id='17',grupo_id='3',data_inicio='2008-02-01',data_termino='2008-03-09',periodo_id='7',vencimento_padrao='10',valor_padrao='',ativo='1',observacoes='' WHERE id=13
1217710342	UPDATE contratos SET codigo='',descricao='',provedor_id='5',plano_id='1',cliente_id='17',grupo_id='3',data_inicio='2008-02-01',data_termino='2008-03-09',periodo_id='7',vencimento_padrao='10',valor_padrao='',ativo='',observacoes='' WHERE id=13
1217710420	INSERT INTO contratos(codigo,descricao,provedor_id,plano_id,cliente_id,grupo_id,data_inicio,data_termino,periodo_id,vencimento_padrao,valor_padrao,ativo,observacoes) VALUES('','','5','1','77','4','','','7','10','','1','')
1217710446	UPDATE contratos SET codigo='',descricao='',provedor_id='5',plano_id='1',cliente_id='77',grupo_id='4',data_inicio='2008-08-02',data_termino='2008-08-02',periodo_id='7',vencimento_padrao='10',valor_padrao='',ativo='1',observacoes='Cortesia p/ sindico' WHERE id=33
1217710647	INSERT INTO clientes(codigo,tipo,nome,nascimento,rg,cpf,sexo,razao_social,nome_fantasia,cnpj,inscr_municipal,inscr_estadual,grupo_id,endereco,numero,complemento_tipo,bloco,complemento,bairro,cep,cidade,uf,tel_residencial,tel_comercial,fax,tel_celular1,tel_celular2,site,email1,email2,email3,observacoes) VALUES('06028','1','Paulo Ricardo Cordeiro','1979-04-03','7.513.475-4 SPP/PR','040.174.519-85','1','','','','','','4','Av. Sete de Setembro','3293','Ap.','','104','Centro','80.230-010','Curitiba','PR','','','','9918-0414','','','gugu.muaythai@hotmail.com','','','Instalado 01/08/08
Instalacao a ser cobrada no boleto')
1217710647	INSERT INTO logs_admin(login,mensagem,query) VALUES('sergio','Cadastro Cliente ID=142 Nome=Paulo Ricardo Cordeiro','')
1217710708	INSERT INTO contratos(codigo,descricao,provedor_id,plano_id,cliente_id,grupo_id,data_inicio,data_termino,periodo_id,vencimento_padrao,valor_padrao,ativo,observacoes) VALUES('','','5','7','142','4','2008-08-01','','7','10','','1','')
1217710892	INSERT INTO contratos(codigo,descricao,provedor_id,plano_id,cliente_id,grupo_id,data_inicio,data_termino,periodo_id,vencimento_padrao,valor_padrao,ativo,observacoes) VALUES('','','5','1','63','4','1995-01-01','2008-06-20','7','10','','','')
1217711105	UPDATE contratos SET codigo='',descricao='',provedor_id='5',plano_id='7',cliente_id='140',grupo_id='4',data_inicio='2008-07-29',data_termino='',periodo_id='',vencimento_padrao='10',valor_padrao='',ativo='1',observacoes='' WHERE id=28
1217711177	INSERT INTO contratos(codigo,descricao,provedor_id,plano_id,cliente_id,grupo_id,data_inicio,data_termino,periodo_id,vencimento_padrao,valor_padrao,ativo,observacoes) VALUES('','','5','1','64','4','','','7','10','','1','')
1217711327	INSERT INTO contratos(codigo,descricao,provedor_id,plano_id,cliente_id,grupo_id,data_inicio,data_termino,periodo_id,vencimento_padrao,valor_padrao,ativo,observacoes) VALUES('','','5','1','129','4','08-02-14','','7','10','','1','2 pontos na rede, 60 reais mensais')
1217711383	INSERT INTO contratos(codigo,descricao,provedor_id,plano_id,cliente_id,grupo_id,data_inicio,data_termino,periodo_id,vencimento_padrao,valor_padrao,ativo,observacoes) VALUES('','','5','1','65','4','08-02-22','','7','10','','1','suspensa por inadimplência')
1217711442	INSERT INTO contratos(codigo,descricao,provedor_id,plano_id,cliente_id,grupo_id,data_inicio,data_termino,periodo_id,vencimento_padrao,valor_padrao,ativo,observacoes) VALUES('','','5','1','66','4','2007-03-03','','7','10','','1','')
1217711491	INSERT INTO contratos(codigo,descricao,provedor_id,plano_id,cliente_id,grupo_id,data_inicio,data_termino,periodo_id,vencimento_padrao,valor_padrao,ativo,observacoes) VALUES('','','5','7','121','4','2008-02-28','','7','10','','1','')
1217711682	INSERT INTO contratos(codigo,descricao,provedor_id,plano_id,cliente_id,grupo_id,data_inicio,data_termino,periodo_id,vencimento_padrao,valor_padrao,ativo,observacoes) VALUES('','','5','1','134','4','2008-07-01','','7','10','','1','')
1217711729	UPDATE contratos SET codigo='',descricao='',provedor_id='5',plano_id='7',cliente_id='140',grupo_id='4',data_inicio='2008-07-29',data_termino='2008-08-02',periodo_id='7',vencimento_padrao='10',valor_padrao='',ativo='1',observacoes='' WHERE id=28
1217711832	INSERT INTO contratos(codigo,descricao,provedor_id,plano_id,cliente_id,grupo_id,data_inicio,data_termino,periodo_id,vencimento_padrao,valor_padrao,ativo,observacoes) VALUES('','','5','1','67','4','2006-12-10','','7','10','','1','')
1217711894	INSERT INTO contratos(codigo,descricao,provedor_id,plano_id,cliente_id,grupo_id,data_inicio,data_termino,periodo_id,vencimento_padrao,valor_padrao,ativo,observacoes) VALUES('','','5','1','128','4','2008-02-10','','7','10','','1','')
1217712013	INSERT INTO contratos(codigo,descricao,provedor_id,plano_id,cliente_id,grupo_id,data_inicio,data_termino,periodo_id,vencimento_padrao,valor_padrao,ativo,observacoes) VALUES('','','5','7','130','4','2008-05-08','','7','10','','1','')
1217712249	INSERT INTO contratos(codigo,descricao,provedor_id,plano_id,cliente_id,grupo_id,data_inicio,data_termino,periodo_id,vencimento_padrao,valor_padrao,ativo,observacoes) VALUES('','','5','1','70','4','','','7','10','','1','50 reais mensais - 3 estaçoes')
1217712393	INSERT INTO contratos(codigo,descricao,provedor_id,plano_id,cliente_id,grupo_id,data_inicio,data_termino,periodo_id,vencimento_padrao,valor_padrao,ativo,observacoes) VALUES('','','5','1','71','4','','','7','10','','1','')
1217712483	INSERT INTO contratos(codigo,descricao,provedor_id,plano_id,cliente_id,grupo_id,data_inicio,data_termino,periodo_id,vencimento_padrao,valor_padrao,ativo,observacoes) VALUES('','','5','1','72','4','2007-08-01','','7','10','','1','')
1217712501	UPDATE contratos SET codigo='',descricao='',provedor_id='5',plano_id='1',cliente_id='71',grupo_id='4',data_inicio='2006-12-10',data_termino='2008-08-02',periodo_id='7',vencimento_padrao='10',valor_padrao='',ativo='1',observacoes='' WHERE id=46
1217712531	INSERT INTO contratos(codigo,descricao,provedor_id,plano_id,cliente_id,grupo_id,data_inicio,data_termino,periodo_id,vencimento_padrao,valor_padrao,ativo,observacoes) VALUES('','','5','1','73','4','2006-12-10','','7','10','','1','')
1217712584	INSERT INTO contratos(codigo,descricao,provedor_id,plano_id,cliente_id,grupo_id,data_inicio,data_termino,periodo_id,vencimento_padrao,valor_padrao,ativo,observacoes) VALUES('','','5','1','75','4','2007-07-24','','7','10','','1','')
1217712664	INSERT INTO contratos(codigo,descricao,provedor_id,plano_id,cliente_id,grupo_id,data_inicio,data_termino,periodo_id,vencimento_padrao,valor_padrao,ativo,observacoes) VALUES('','','5','1','76','4','2007-03-20','2007-10-09','7','10','','','')
1217712816	UPDATE contratos SET codigo='',descricao='',provedor_id='5',plano_id='4',cliente_id='141',grupo_id='5',data_inicio='2008-07-26',data_termino='2008-08-02',periodo_id='7',vencimento_padrao='10',valor_padrao='',ativo='1',observacoes='' WHERE id=29
1217712980	INSERT INTO contratos(codigo,descricao,provedor_id,plano_id,cliente_id,grupo_id,data_inicio,data_termino,periodo_id,vencimento_padrao,valor_padrao,ativo,observacoes) VALUES('','contrato personalizado: 55 reais mensais','5','1','43','5','','','7','10','','1','')
1217713029	INSERT INTO contratos(codigo,descricao,provedor_id,plano_id,cliente_id,grupo_id,data_inicio,data_termino,periodo_id,vencimento_padrao,valor_padrao,ativo,observacoes) VALUES('','','5','1','46','5','','','7','10','','1','')
1217713074	INSERT INTO contratos(codigo,descricao,provedor_id,plano_id,cliente_id,grupo_id,data_inicio,data_termino,periodo_id,vencimento_padrao,valor_padrao,ativo,observacoes) VALUES('','','5','1','46','5','','','7','10','','1','')
1217713101	INSERT INTO planos(codigo,nome,descricao,vel_download,vel_upload,valor_base,valor_pontoadicional,fidelidade,observacoes) VALUES('','SmartConnect350','','350','175','45.00','10.00','','')
1217713123	UPDATE contratos SET codigo='',descricao='contrato personalizado: 55 reais mensais',provedor_id='5',plano_id='11',cliente_id='43',grupo_id='5',data_inicio='2008-08-02',data_termino='2008-08-02',periodo_id='7',vencimento_padrao='10',valor_padrao='',ativo='1',observacoes='' WHERE id=51
1217713157	UPDATE contratos SET codigo='',descricao='',provedor_id='5',plano_id='11',cliente_id='44',grupo_id='5',data_inicio='2008-08-02',data_termino='2008-08-02',periodo_id='7',vencimento_padrao='10',valor_padrao='',ativo='1',observacoes='' WHERE id=53
1217713215	INSERT INTO contratos(codigo,descricao,provedor_id,plano_id,cliente_id,grupo_id,data_inicio,data_termino,periodo_id,vencimento_padrao,valor_padrao,ativo,observacoes) VALUES('','55 reais mensais','5','11','42','5','','','7','10','','1','')
1217713244	UPDATE planos SET codigo='sc350',nome='SmartConnect350',descricao='',vel_download='350',vel_upload='175',valor_base='45.00',valor_pontoadicional='10.00',fidelidade='',observacoes='' WHERE id=11
1217713352	INSERT INTO contratos(codigo,descricao,provedor_id,plano_id,cliente_id,grupo_id,data_inicio,data_termino,periodo_id,vencimento_padrao,valor_padrao,ativo,observacoes) VALUES('','','5','1','45','5','2007-12-04','2008-06-12','7','10','','','')
1217713423	INSERT INTO contratos(codigo,descricao,provedor_id,plano_id,cliente_id,grupo_id,data_inicio,data_termino,periodo_id,vencimento_padrao,valor_padrao,ativo,observacoes) VALUES('','','5','4','48','5','','','7','10','','1','')
1217713515	INSERT INTO contratos(codigo,descricao,provedor_id,plano_id,cliente_id,grupo_id,data_inicio,data_termino,periodo_id,vencimento_padrao,valor_padrao,ativo,observacoes) VALUES('','','5','1','49','5','','','7','10','','1','')
1217713612	INSERT INTO contratos(codigo,descricao,provedor_id,plano_id,cliente_id,grupo_id,data_inicio,data_termino,periodo_id,vencimento_padrao,valor_padrao,ativo,observacoes) VALUES('','55 reais','5','11','51','5','','','7','10','','1','')
1217713704	INSERT INTO contratos(codigo,descricao,provedor_id,plano_id,cliente_id,grupo_id,data_inicio,data_termino,periodo_id,vencimento_padrao,valor_padrao,ativo,observacoes) VALUES('','','5','1','32','6','','','7','10','','1','Plano cortesia para contato no edificio')
1217713745	UPDATE contratos SET codigo='',descricao='',provedor_id='5',plano_id='11',cliente_id='35',grupo_id='6',data_inicio='2008-04-06',data_termino='',periodo_id='7',vencimento_padrao='10',valor_padrao='',ativo='1',observacoes='' WHERE id=17
1217713767	UPDATE contratos SET codigo='',descricao='',provedor_id='5',plano_id='1',cliente_id='31',grupo_id='6',data_inicio='2007-04-06',data_termino='2008-01-23',periodo_id='7',vencimento_padrao='10',valor_padrao='',ativo='',observacoes='' WHERE id=23
1217713797	UPDATE contratos SET codigo='',descricao='',provedor_id='5',plano_id='11',cliente_id='36',grupo_id='6',data_inicio='2008-04-06',data_termino='2009-04-06',periodo_id='7',vencimento_padrao='10',valor_padrao='',ativo='1',observacoes='' WHERE id=18
1217713821	UPDATE contratos SET codigo='',descricao='Serviço de Comunicação e Multimídia - Internet',provedor_id='5',plano_id='11',cliente_id='33',grupo_id='6',data_inicio='2008-04-06',data_termino='',periodo_id='7',vencimento_padrao='10',valor_padrao='',ativo='1',observacoes='' WHERE id=16
1217713841	UPDATE contratos SET codigo='',descricao='',provedor_id='5',plano_id='11',cliente_id='37',grupo_id='6',data_inicio='2008-04-06',data_termino='',periodo_id='',vencimento_padrao='10',valor_padrao='',ativo='1',observacoes='' WHERE id=19
1217713851	UPDATE contratos SET codigo='',descricao='',provedor_id='5',plano_id='11',cliente_id='37',grupo_id='6',data_inicio='2008-04-06',data_termino='2008-08-02',periodo_id='7',vencimento_padrao='10',valor_padrao='',ativo='1',observacoes='' WHERE id=19
1217713877	UPDATE contratos SET codigo='',descricao='',provedor_id='5',plano_id='11',cliente_id='38',grupo_id='6',data_inicio='2008-04-06',data_termino='',periodo_id='7',vencimento_padrao='10',valor_padrao='',ativo='1',observacoes='' WHERE id=20
1217713935	INSERT INTO planos(codigo,nome,descricao,vel_download,vel_upload,valor_base,valor_pontoadicional,fidelidade,observacoes) VALUES('','SmartConnect250','','250','125','37.50','10.00','','')
1217713948	UPDATE contratos SET codigo='',descricao='',provedor_id='5',plano_id='12',cliente_id='39',grupo_id='6',data_inicio='2008-04-06',data_termino='',periodo_id='7',vencimento_padrao='10',valor_padrao='',ativo='1',observacoes='' WHERE id=21
1217713981	UPDATE contratos SET codigo='',descricao='',provedor_id='5',plano_id='11',cliente_id='40',grupo_id='6',data_inicio='2008-04-06',data_termino='',periodo_id='7',vencimento_padrao='10',valor_padrao='',ativo='1',observacoes='' WHERE id=22
1217714156	UPDATE contratos SET codigo='',descricao='',provedor_id='5',plano_id='1',cliente_id='32',grupo_id='6',data_inicio='2008-08-02',data_termino='2008-08-02',periodo_id='7',vencimento_padrao='10',valor_padrao='',ativo='1',observacoes='Plano cortesia para contato no edificio' WHERE id=59
1217714214	UPDATE contratos SET codigo='',descricao='',provedor_id='5',plano_id='1',cliente_id='32',grupo_id='6',data_inicio='2008-08-02',data_termino='2008-08-02',periodo_id='7',vencimento_padrao='10',valor_padrao='',ativo='1',observacoes='Plano cortesia para contato no edificio' WHERE id=59
1217714331	UPDATE clientes SET codigo='08001',tipo='1',nome='Tulio Hofmann Filho',nascimento='1911-11-11',rg='',cpf='',sexo='1',razao_social='',nome_fantasia='',cnpj='',inscr_municipal='',inscr_estadual='',grupo_id='3',endereco='R. Alferes Poli',numero='294',complemento_tipo='Ap.',bloco='',complemento='101',bairro='Centro',cep='80230-090',cidade='Curitiba',uf='PR',tel_residencial='',tel_comercial='',fax='',tel_celular1='',tel_celular2='',site='',email1='tulinho_hofmann@hotmail.com',email2='',email3='',observacoes='xxxx' WHERE id=7
1217714331	INSERT INTO logs_admin(login,mensagem,query) VALUES('sergio','Alterado Cliente ID=7 Nome=Tulio Hofmann Filho','')
