1205588000	UPDATE admins SET ultacesso_ip='10.12.7.8',ultacesso=NOW() WHERE id=2
1205588000	INSERT INTO logs_admin(login,mensagem,query) VALUES('antonio','Login','')
1205588191	UPDATE admins SET ultacesso_ip='10.12.7.13',ultacesso=NOW() WHERE id=3
1205588191	INSERT INTO logs_admin(login,mensagem,query) VALUES('sergio','Login','')
1205588264	INSERT INTO clientes(codigo,nome,nascimento,rg,cpf,sexo,grupo_id,endereco,numero,complemento_tipo,bloco,complemento,bairro,cep,cidade,uf,tel_residencial,tel_comercial,fax,tel_celular1,tel_celular2,site,email1,email2,email3,observacoes) VALUES('06021','Caio Ruocco de Arruda','1982-02-11','104926606 PR','31215877811','M','4','Av. Sete de Setembro','3293','Ap.','','603','Centro','80.230-010','Curitiba','PR','','4130214714','','4191456848','','','caioruocco_@hotmail.com','','','substitui contrato ap603 - Rose Cristina')
1205588264	INSERT INTO logs_admin(login,mensagem,query) VALUES('antonio','Cadastro Cliente ID=128 Nome=Caio Ruocco de Arruda','')
1205589548	UPDATE admins SET ultacesso_ip='10.12.7.13',ultacesso=NOW() WHERE id=3
1205589548	INSERT INTO logs_admin(login,mensagem,query) VALUES('sergio','Login','')
1205590053	UPDATE clientes SET codigo='06021',nome='Caio Ruocco de Arruda',nascimento='1982-02-11',rg='104926606 PR',cpf='31215877811',sexo='M',grupo_id='4',endereco='Av. Sete de Setembro',numero='3293',complemento_tipo='Ap.',bloco='',complemento='603',bairro='Centro',cep='80.230-010',cidade='Curitiba',uf='PR',tel_residencial='',tel_comercial='4130214714',fax='',tel_celular1='4191456848',tel_celular2='',site='',email1='caioruocco_@hotmail.com',email2='',email3='',observacoes='substitui contrato ap603 - Rose Cristina' WHERE id=128
1205590053	INSERT INTO logs_admin(login,mensagem,query) VALUES('antonio','Alterado Cliente ID=128 Nome=Caio Ruocco de Arruda','')
1205592207	UPDATE clientes SET codigo='99001',nome='Oscar Ricardo Macedo Schmeiske',nascimento='2008-03-15',rg='',cpf='635.251.609-25',sexo='M',grupo_id='9',endereco='Avenida Sete de Setembro',numero='6830',complemento_tipo='',bloco='',complemento='AP 1531',bairro='Seminário',cep='80240001',cidade='Curitiba',uf='PR',tel_residencial='4132436467',tel_comercial='4132501355',fax='',tel_celular1='4199776984',tel_celular2='',site='',email1='oscar@ippuc.org.br',email2='oscarschmeiske@gmail.com',email3='',observacoes='Cliente avulso em serviços de manutenção e suporte.' WHERE id=18
1205592207	INSERT INTO logs_admin(login,mensagem,query) VALUES('sergio','Alterado Cliente ID=18 Nome=Oscar Ricardo Macedo Schmeiske','')
1205596518	UPDATE admins SET ultacesso_ip='10.12.7.8',ultacesso=NOW() WHERE id=2
1205596518	INSERT INTO logs_admin(login,mensagem,query) VALUES('antonio','Login','')
1205596774	UPDATE admins SET ultacesso_ip='10.12.7.13',ultacesso=NOW() WHERE id=3
1205596774	INSERT INTO logs_admin(login,mensagem,query) VALUES('sergio','Login','')
1205597213	INSERT INTO clientes(codigo,nome,nascimento,rg,cpf,sexo,grupo_id,endereco,numero,complemento_tipo,bloco,complemento,bairro,cep,cidade,uf,tel_residencial,tel_comercial,fax,tel_celular1,tel_celular2,site,email1,email2,email3,observacoes) VALUES('06022','Ines Eline Lopes Martins','','2375324 PR','050.172.588-17','F','4','Av. Sete de Setembro','3293','Ap.','','301','Centro','80.230-010','Curitiba','PR','4132324981','','','4188523696','','','mlmartins@yahoo.com.br','','','1 - instalado desktop em 15/02/08
2 - instalado notebook em 15/03/08 (ponto adicional sri)
dois pontos por R$ 60,00')
1205597213	INSERT INTO logs_admin(login,mensagem,query) VALUES('antonio','Cadastro Cliente ID=129 Nome=Ines Eline Lopes Martins','')
1205597267	UPDATE clientes SET codigo='06022',nome='Ines Eline Lopes Martins',nascimento='2008-03-15',rg='2375324 PR',cpf='050.172.588-17',sexo='F',grupo_id='4',endereco='Av. Sete de Setembro',numero='3293',complemento_tipo='Ap.',bloco='',complemento='301',bairro='Centro',cep='80.230-010',cidade='Curitiba',uf='PR',tel_residencial='4132324981',tel_comercial='',fax='',tel_celular1='4188523696',tel_celular2='',site='',email1='mlmartins@yahoo.com.br',email2='',email3='',observacoes='dois pontos por R$ 60,00
1 - instalado desktop em 15/02/08
2 - instalado notebook em 15/03/08 (ponto adicional sri)

Tatiana - 88523696' WHERE id=129
1205597267	INSERT INTO logs_admin(login,mensagem,query) VALUES('antonio','Alterado Cliente ID=129 Nome=Ines Eline Lopes Martins','')
1205611629	UPDATE clientes SET codigo='101009',tipo='',nome='Dieick Denner Gonçalves',nascimento='2008-03-06',rg='74123333',cpf='006.958.229-77',sexo='M',grupo_id='12',endereco='R Marechal Otávio Saldanha Mazza',numero='7777',complemento_tipo='Ap.',bloco='',complemento='151',bairro='Pinheirinho',cep='81150060',cidade='Curitiba',uf='PR',tel_residencial='4130228903',tel_comercial='',fax='',tel_celular1='4188594241',tel_celular2='4196778533',site='',email1='dieick@yahoo.com.br',email2='',email3='',observacoes='' WHERE id=102
1205611629	INSERT INTO logs_admin(login,mensagem,query) VALUES('antonio','Alterado Cliente ID=102 Nome=Dieick Denner Gonçalves','')
1205613654	UPDATE clientes SET codigo='09016',tipo='0',nome='Sidnei Scaravonatti',nascimento='2008-03-15',rg='4220679-2',cpf='589.510.409-68',sexo='M',razao_social='',nome_fantasia='',cnpj='',inscr_municipal='',inscr_estadual='',grupo_id='8',endereco='Avenida Nossa Senhora Aparecida',numero='501',complemento_tipo='Ap.',bloco='11',complemento='1111',bairro='Seminário',cep='80440000',cidade='Curitiba',uf='PR',tel_residencial='4132435937',tel_comercial='4133145519',fax='',tel_celular1='',tel_celular2='4599772199',site='',email1='ssidnei@hotmail.com',email2='',email3='',observacoes='' WHERE id=125
1205613654	INSERT INTO logs_admin(login,mensagem,query) VALUES('antonio','Alterado Cliente ID=125 Nome=Sidnei Scaravonatti','')
1205613733	UPDATE clientes SET codigo='00009',tipo='1',nome='',nascimento='2008-03-15',rg='',cpf='',sexo='M',razao_social='B2 Informática',nome_fantasia='B2 Informática',cnpj='x',inscr_municipal='x',inscr_estadual='x',grupo_id='10',endereco='',numero='',complemento_tipo='',bloco='',complemento='',bairro='',cep='',cidade='',uf='PR',tel_residencial='',tel_comercial='41 3029-9404',fax='',tel_celular1='',tel_celular2='',site='www.infob2.com.br',email1='vendas@infob2.com.br',email2='',email3='',observacoes='Contato: Renato' WHERE id=118
1205613733	INSERT INTO logs_admin(login,mensagem,query) VALUES('sergio','Alterado Cliente ID=118 Nome=','')
1205613995	UPDATE clientes SET codigo='00008',tipo='1',nome='',nascimento='2008-03-15',rg='',cpf='',sexo='',razao_social='BV Financeira - Daniel Moreira',nome_fantasia='BV Financeira - Daniel Moreira',cnpj='x',inscr_municipal='',inscr_estadual='',grupo_id='10',endereco='Avenida Mal. Deodoro',numero='261',complemento_tipo='',bloco='',complemento='Térreo',bairro='',cep='',cidade='',uf='PR',tel_residencial='',tel_comercial='41 3596-3900',fax='',tel_celular1='41 8808-1787',tel_celular2='',site='',email1='daniel.moreira@cppromotora.com.br',email2='',email3='',observacoes='' WHERE id=117
1205613995	INSERT INTO logs_admin(login,mensagem,query) VALUES('sergio','Alterado Cliente ID=117 Nome=','')
1205614666	UPDATE clientes SET codigo='00004',tipo='1',nome='',nascimento='',rg='',cpf='045.430.730-00',sexo='M',razao_social='Mercador Fomento Mercantil LTDA.',nome_fantasia='Mercador Fomento Mercantil LTDA.',cnpj='x',inscr_municipal='x',inscr_estadual='x',grupo_id='10',endereco='',numero='',complemento_tipo='',bloco='',complemento='',bairro='',cep='',cidade='',uf='PR',tel_residencial='',tel_comercial='',fax='',tel_celular1='',tel_celular2='',site='',email1='',email2='',email3='',observacoes='Dados Bancários:
HSBC
AG: 0054
CC: 28487-75' WHERE id=111
1205614666	INSERT INTO logs_admin(login,mensagem,query) VALUES('sergio','Alterado Cliente ID=111 Nome=','')
1205614704	UPDATE clientes SET codigo='00005',tipo='1',nome='',nascimento='',rg='',cpf='',sexo='',razao_social='Fontoura e Silva Com. de Informática',nome_fantasia='Fontoura e Silva Com. de Informática',cnpj='x',inscr_municipal='x',inscr_estadual='x',grupo_id='10',endereco='',numero='',complemento_tipo='',bloco='',complemento='',bairro='',cep='',cidade='',uf='PR',tel_residencial='',tel_comercial='',fax='',tel_celular1='',tel_celular2='',site='',email1='',email2='',email3='',observacoes='Dados Bancários:
Itaú
AG: 3761
CC: 09324-8' WHERE id=112
1205614704	INSERT INTO logs_admin(login,mensagem,query) VALUES('sergio','Alterado Cliente ID=112 Nome=','')
